SuguCafe-Android-base/app/build/outputs/logs/manifest-merger-debug-report.txt
-- Merging decision tree log ---
manifest
ADDED from src\main\AndroidManifest.xml:2:1-102:12
	xmlns:android
		ADDED from src\main\AndroidManifest.xml:2:11-69
	package
		ADDED from src\main\AndroidManifest.xml:3:5-51
		INJECTED from src\main\AndroidManifest.xml
		INJECTED from src\main\AndroidManifest.xml
	android:versionName
		ADDED from src\main\AndroidManifest.xml:5:5-32
		INJECTED from src\main\AndroidManifest.xml
		INJECTED from src\main\AndroidManifest.xml
	android:versionCode
		ADDED from src\main\AndroidManifest.xml:4:5-28
		INJECTED from src\main\AndroidManifest.xml
		INJECTED from src\main\AndroidManifest.xml
	android:installLocation
		ADDED from src\main\AndroidManifest.xml:5:33-73
application
ADDED from src\main\AndroidManifest.xml:7:5-95:19
	android:label
		ADDED from src\main\AndroidManifest.xml:10:9-41
	android:icon
		ADDED from src\main\AndroidManifest.xml:9:9-47
	android:theme
		ADDED from src\main\AndroidManifest.xml:11:9-51
	android:name
		ADDED from src\main\AndroidManifest.xml:8:9-40
activity#jp.co.deliv.android.imasugu.sugucafe.CafeMenu
ADDED from src\main\AndroidManifest.xml:13:9-22:20
	android:screenOrientation
		ADDED from src\main\AndroidManifest.xml:16:13-49
	android:label
		ADDED from src\main\AndroidManifest.xml:15:13-45
	android:name
		ADDED from src\main\AndroidManifest.xml:14:13-36
intent-filter#android.intent.action.MAIN+android.intent.category.LAUNCHER
ADDED from src\main\AndroidManifest.xml:17:13-21:29
action#android.intent.action.MAIN
ADDED from src\main\AndroidManifest.xml:18:17-69
	android:name
		ADDED from src\main\AndroidManifest.xml:18:25-66
category#android.intent.category.LAUNCHER
ADDED from src\main\AndroidManifest.xml:20:17-77
	android:name
		ADDED from src\main\AndroidManifest.xml:20:27-74
activity#jp.co.deliv.android.imasugu.sugucafe.ShopListView
ADDED from src\main\AndroidManifest.xml:23:9-27:20
	android:label
		ADDED from src\main\AndroidManifest.xml:25:13-45
	android:name
		ADDED from src\main\AndroidManifest.xml:24:13-40
activity#jp.co.deliv.android.imasugu.sugucafe.ShopDetailView
ADDED from src\main\AndroidManifest.xml:29:9-32:20
	android:label
		ADDED from src\main\AndroidManifest.xml:31:13-45
	android:name
		ADDED from src\main\AndroidManifest.xml:30:13-42
activity#jp.co.deliv.android.imasugu.sugucafe.CafeMapView
ADDED from src\main\AndroidManifest.xml:33:9-36:20
	android:label
		ADDED from src\main\AndroidManifest.xml:35:13-45
	android:name
		ADDED from src\main\AndroidManifest.xml:34:13-39
activity#jp.co.deliv.android.imasugu.sugucafe.SuguCafeTopView
ADDED from src\main\AndroidManifest.xml:38:9-41:20
	android:label
		ADDED from src\main\AndroidManifest.xml:40:13-45
	android:name
		ADDED from src\main\AndroidManifest.xml:39:13-43
activity#jp.co.deliv.android.imasugu.sugucafe.SuguCafeAboutView
ADDED from src\main\AndroidManifest.xml:43:9-46:20
	android:label
		ADDED from src\main\AndroidManifest.xml:45:13-45
	android:name
		ADDED from src\main\AndroidManifest.xml:44:13-45
activity#jp.co.deliv.android.imasugu.sugucafe.CafeMapMenuView
ADDED from src\main\AndroidManifest.xml:48:10-52:20
	android:windowSoftInputMode
		ADDED from src\main\AndroidManifest.xml:51:13-52
	android:label
		ADDED from src\main\AndroidManifest.xml:50:13-45
	android:name
		ADDED from src\main\AndroidManifest.xml:49:13-43
activity#jp.co.deliv.android.imasugu.sugucafe.CafeMapSeachAround
ADDED from src\main\AndroidManifest.xml:54:10-57:20
	android:label
		ADDED from src\main\AndroidManifest.xml:56:13-45
	android:name
		ADDED from src\main\AndroidManifest.xml:55:13-46
activity#jp.co.deliv.android.imasugu.sugucafe.CafeMapViewNoSeach
ADDED from src\main\AndroidManifest.xml:59:10-62:20
	android:label
		ADDED from src\main\AndroidManifest.xml:61:13-45
	android:name
		ADDED from src\main\AndroidManifest.xml:60:13-46
activity#jp.co.deliv.android.imasugu.sugucafe.SuguCafeInfo
ADDED from src\main\AndroidManifest.xml:64:10-67:20
	android:label
		ADDED from src\main\AndroidManifest.xml:66:13-45
	android:name
		ADDED from src\main\AndroidManifest.xml:65:13-40
activity#jp.co.deliv.android.imasugu.sugucafe.CafeTabMenuView
ADDED from src\main\AndroidManifest.xml:69:9-75:20
	android:windowSoftInputMode
		ADDED from src\main\AndroidManifest.xml:72:13-52
	android:screenOrientation
		ADDED from src\main\AndroidManifest.xml:73:13-49
	android:label
		ADDED from src\main\AndroidManifest.xml:71:13-45
	android:name
		ADDED from src\main\AndroidManifest.xml:70:13-43
activity#jp.co.deliv.android.imasugu.sugucafe.CafeMapSeachAdress
ADDED from src\main\AndroidManifest.xml:76:9-79:20
	android:label
		ADDED from src\main\AndroidManifest.xml:78:13-45
	android:name
		ADDED from src\main\AndroidManifest.xml:77:13-46
activity#jp.co.deliv.android.imasugu.sugucafe.ShopListAddressView
ADDED from src\main\AndroidManifest.xml:80:9-83:20
	android:label
		ADDED from src\main\AndroidManifest.xml:82:13-45
	android:name
		ADDED from src\main\AndroidManifest.xml:81:13-47
activity#com.google.ads.AdActivity
ADDED from src\main\AndroidManifest.xml:86:9-88:75
	android:configChanges
		ADDED from src\main\AndroidManifest.xml:88:13-72
	android:name
		ADDED from src\main\AndroidManifest.xml:87:13-53
uses-library#com.google.android.maps
ADDED from src\main\AndroidManifest.xml:90:9-92:39
	android:required
		ADDED from src\main\AndroidManifest.xml:92:13-36
	android:name
		ADDED from src\main\AndroidManifest.xml:91:13-51
uses-sdk
ADDED from src\main\AndroidManifest.xml:96:5-43
	android:targetSdkVersion
		INJECTED from src\main\AndroidManifest.xml
		INJECTED from src\main\AndroidManifest.xml
	android:minSdkVersion
		ADDED from src\main\AndroidManifest.xml:96:15-40
		INJECTED from src\main\AndroidManifest.xml
		INJECTED from src\main\AndroidManifest.xml
uses-permission#android.permission.INTERNET
ADDED from src\main\AndroidManifest.xml:97:5-67
	android:name
		ADDED from src\main\AndroidManifest.xml:97:22-64
uses-permission#android.permission.ACCESS_NETWORK_STATE
ADDED from src\main\AndroidManifest.xml:98:5-79
	android:name
		ADDED from src\main\AndroidManifest.xml:98:22-76
uses-permission#android.permission.ACCESS_COARSE_LOCATION
ADDED from src\main\AndroidManifest.xml:99:5-81
	android:name
		ADDED from src\main\AndroidManifest.xml:99:22-78
uses-permission#android.permission.ACCESS_FINE_LOCATION
ADDED from src\main\AndroidManifest.xml:100:5-79
	android:name
		ADDED from src\main\AndroidManifest.xml:100:22-76